0 info it worked if it ends with ok
1 verbose cli [ '/usr/local/bin/node', '/usr/local/bin/npm', 'run', 'cover' ]
2 info using npm@3.10.10
3 info using node@v6.9.5
4 verbose run-script [ 'precover', 'cover', 'postcover' ]
5 info lifecycle documentos@1.0.0~precover: documentos@1.0.0
6 silly lifecycle documentos@1.0.0~precover: no script for precover, continuing
7 info lifecycle documentos@1.0.0~cover: documentos@1.0.0
8 verbose lifecycle documentos@1.0.0~cover: unsafe-perm in lifecycle true
9 verbose lifecycle documentos@1.0.0~cover: PATH: /usr/local/lib/node_modules/npm/bin/node-gyp-bin:/Users/andela/Documents/documentos/node_modules/.bin://anaconda/bin:/usr/local/bin:/usr/bin:/bin:/usr/sbin:/sbin
10 verbose lifecycle documentos@1.0.0~cover: CWD: /Users/andela/Documents/documentos
11 silly lifecycle documentos@1.0.0~cover: Args: [ '-c',
11 silly lifecycle   'NODE_ENV=test istanbul cover _mocha -- server/tests/**/*.js --compilers js:babel-core/register --timeout 20000' ]
12 silly lifecycle documentos@1.0.0~cover: Returned: code: 2  signal: null
13 info lifecycle documentos@1.0.0~cover: Failed to exec cover script
14 verbose stack Error: documentos@1.0.0 cover: `NODE_ENV=test istanbul cover _mocha -- server/tests/**/*.js --compilers js:babel-core/register --timeout 20000`
14 verbose stack Exit status 2
14 verbose stack     at EventEmitter.<anonymous> (/usr/local/lib/node_modules/npm/lib/utils/lifecycle.js:255:16)
14 verbose stack     at emitTwo (events.js:106:13)
14 verbose stack     at EventEmitter.emit (events.js:191:7)
14 verbose stack     at ChildProcess.<anonymous> (/usr/local/lib/node_modules/npm/lib/utils/spawn.js:40:14)
14 verbose stack     at emitTwo (events.js:106:13)
14 verbose stack     at ChildProcess.emit (events.js:191:7)
14 verbose stack     at maybeClose (internal/child_process.js:877:16)
14 verbose stack     at Process.ChildProcess._handle.onexit (internal/child_process.js:226:5)
15 verbose pkgid documentos@1.0.0
16 verbose cwd /Users/andela/Documents/documentos
17 error Darwin 16.4.0
18 error argv "/usr/local/bin/node" "/usr/local/bin/npm" "run" "cover"
19 error node v6.9.5
20 error npm  v3.10.10
21 error code ELIFECYCLE
22 error documentos@1.0.0 cover: `NODE_ENV=test istanbul cover _mocha -- server/tests/**/*.js --compilers js:babel-core/register --timeout 20000`
22 error Exit status 2
23 error Failed at the documentos@1.0.0 cover script 'NODE_ENV=test istanbul cover _mocha -- server/tests/**/*.js --compilers js:babel-core/register --timeout 20000'.
23 error Make sure you have the latest version of node.js and npm installed.
23 error If you do, this is most likely a problem with the documentos package,
23 error not with npm itself.
23 error Tell the author that this fails on your system:
23 error     NODE_ENV=test istanbul cover _mocha -- server/tests/**/*.js --compilers js:babel-core/register --timeout 20000
23 error You can get information on how to open an issue for this project with:
23 error     npm bugs documentos
23 error Or if that isn't available, you can get their info via:
23 error     npm owner ls documentos
23 error There is likely additional logging output above.
24 verbose exit [ 1, true ]
