12:01:35.965 INFO - Launching a standalone Selenium Server
12:01:36.000 INFO - Java: Oracle Corporation 25.91-b14
12:01:36.000 INFO - OS: Mac OS X 10.12.3 x86_64
12:01:36.012 INFO - v2.53.0, with Core v2.53.0. Built from revision 35ae25b
12:01:36.073 INFO - Driver provider org.openqa.selenium.ie.InternetExplorerDriver registration is skipped:
registration capabilities Capabilities [{ensureCleanSession=true, browserName=internet explorer, version=, platform=WINDOWS}] does not match the current platform MAC
12:01:36.073 INFO - Driver provider org.openqa.selenium.edge.EdgeDriver registration is skipped:
registration capabilities Capabilities [{browserName=MicrosoftEdge, version=, platform=WINDOWS}] does not match the current platform MAC
12:01:36.073 INFO - Driver class not found: com.opera.core.systems.OperaDriver
12:01:36.074 INFO - Driver provider com.opera.core.systems.OperaDriver is not registered
12:01:36.075 INFO - Driver class not found: org.openqa.selenium.htmlunit.HtmlUnitDriver
12:01:36.075 INFO - Driver provider org.openqa.selenium.htmlunit.HtmlUnitDriver is not registered
12:01:36.136 INFO - RemoteWebDriver instances should connect to: http://127.0.0.1:4444/wd/hub
12:01:36.136 INFO - Selenium Server is up and running
12:01:36.501 INFO - Executing: [new session: Capabilities [{acceptSslCerts=true, name=Login, browserName=chrome, javascriptEnabled=true, platform=ANY}]])
12:01:36.510 INFO - Creating a new session for Capabilities [{acceptSslCerts=true, name=Login, browserName=chrome, javascriptEnabled=true, platform=ANY}]
Starting ChromeDriver 2.28.455517 (2c6d2707d8ea850c862f04ac066724273981e88f) on port 13028
Only local connections are allowed.
12:01:37.634 INFO - Done: [new session: Capabilities [{acceptSslCerts=true, name=Login, browserName=chrome, javascriptEnabled=true, platform=ANY}]]
12:01:37.653 INFO - Executing: [get: http://localhost:5000])
12:01:39.111 INFO - Done: [get: http://localhost:5000]
12:01:39.144 INFO - Executing: [find elements: By.cssSelector: body])
12:01:39.229 INFO - Done: [find elements: By.cssSelector: body]
12:01:39.247 INFO - Executing: [is displayed: 0 [[ChromeDriver: chrome on MAC (b8e975aaf017cf5a07a1cf125014c0ad)] -> css selector: body]])
12:01:39.308 INFO - Done: [is displayed: 0 [[ChromeDriver: chrome on MAC (b8e975aaf017cf5a07a1cf125014c0ad)] -> css selector: body]]
12:01:39.319 INFO - Executing: [get title])
12:01:39.344 INFO - Done: [get title]
12:01:39.350 INFO - Executing: [take screenshot])
12:01:39.811 INFO - Done: [take screenshot]
12:01:39.834 INFO - Executing: [delete session: f52f8015-11a0-4294-a4eb-6dd0eb6f5b62])
12:01:39.912 INFO - Done: [delete session: f52f8015-11a0-4294-a4eb-6dd0eb6f5b62]
12:01:39.926 INFO - Executing: [new session: Capabilities [{acceptSslCerts=true, name=Login, browserName=chrome, javascriptEnabled=true, platform=ANY}]])
12:01:39.927 INFO - Creating a new session for Capabilities [{acceptSslCerts=true, name=Login, browserName=chrome, javascriptEnabled=true, platform=ANY}]
Starting ChromeDriver 2.28.455517 (2c6d2707d8ea850c862f04ac066724273981e88f) on port 44026
Only local connections are allowed.
12:01:40.688 INFO - Done: [new session: Capabilities [{acceptSslCerts=true, name=Login, browserName=chrome, javascriptEnabled=true, platform=ANY}]]
12:01:40.695 INFO - Executing: [get: http://localhost:5000])
12:01:42.236 INFO - Done: [get: http://localhost:5000]
12:01:42.250 INFO - Executing: [find elements: By.cssSelector: body])
12:01:42.292 INFO - Done: [find elements: By.cssSelector: body]
12:01:42.297 INFO - Executing: [is displayed: 0 [[ChromeDriver: chrome on MAC (19a21065efe34bc1e8a05658bf8959b3)] -> css selector: body]])
12:01:42.328 INFO - Done: [is displayed: 0 [[ChromeDriver: chrome on MAC (19a21065efe34bc1e8a05658bf8959b3)] -> css selector: body]]
12:01:42.333 INFO - Executing: [find elements: By.cssSelector: input[type=email]])
12:01:42.354 INFO - Done: [find elements: By.cssSelector: input[type=email]]
12:01:42.360 INFO - Executing: [is displayed: 1 [[ChromeDriver: chrome on MAC (19a21065efe34bc1e8a05658bf8959b3)] -> css selector: input[type=email]]])
12:01:42.382 INFO - Done: [is displayed: 1 [[ChromeDriver: chrome on MAC (19a21065efe34bc1e8a05658bf8959b3)] -> css selector: input[type=email]]]
12:01:42.391 INFO - Executing: [find element: By.cssSelector: input[type=email]])
12:01:42.411 INFO - Done: [find element: By.cssSelector: input[type=email]]
12:01:42.416 INFO - Executing: [send keys: 1 [[ChromeDriver: chrome on MAC (19a21065efe34bc1e8a05658bf8959b3)] -> css selector: input[type=email]], [r, o, t, i, m, i, @, g, m, a, i, l, ., c, o, m]])
12:01:42.597 INFO - Done: [send keys: 1 [[ChromeDriver: chrome on MAC (19a21065efe34bc1e8a05658bf8959b3)] -> css selector: input[type=email]], [r, o, t, i, m, i, @, g, m, a, i, l, ., c, o, m]]
12:01:42.611 INFO - Executing: [find element: By.cssSelector: input[type=password]])
12:01:42.643 INFO - Done: [find element: By.cssSelector: input[type=password]]
12:01:42.648 INFO - Executing: [send keys: 2 [[ChromeDriver: chrome on MAC (19a21065efe34bc1e8a05658bf8959b3)] -> css selector: input[type=password]], [r, o, t, i, m, i, 1, 2, 3]])
12:01:42.738 INFO - Done: [send keys: 2 [[ChromeDriver: chrome on MAC (19a21065efe34bc1e8a05658bf8959b3)] -> css selector: input[type=password]], [r, o, t, i, m, i, 1, 2, 3]]
12:01:42.748 INFO - Executing: [find element: By.cssSelector: .btn])
12:01:42.794 INFO - Done: [find element: By.cssSelector: .btn]
12:01:42.799 INFO - Executing: [click: 3 [[ChromeDriver: chrome on MAC (19a21065efe34bc1e8a05658bf8959b3)] -> css selector: .btn]])
12:01:42.898 INFO - Done: [click: 3 [[ChromeDriver: chrome on MAC (19a21065efe34bc1e8a05658bf8959b3)] -> css selector: .btn]]
12:01:43.906 INFO - Executing: [get current url])
12:01:43.912 INFO - Done: [get current url]
12:01:43.916 INFO - Executing: [delete session: 145038ff-152e-4029-9962-06db6f54a962])
12:01:43.989 INFO - Done: [delete session: 145038ff-152e-4029-9962-06db6f54a962]
12:01:44.000 INFO - Executing: [new session: Capabilities [{acceptSslCerts=true, name=Login, browserName=chrome, javascriptEnabled=true, platform=ANY}]])
12:01:44.002 INFO - Creating a new session for Capabilities [{acceptSslCerts=true, name=Login, browserName=chrome, javascriptEnabled=true, platform=ANY}]
Starting ChromeDriver 2.28.455517 (2c6d2707d8ea850c862f04ac066724273981e88f) on port 14150
Only local connections are allowed.
12:01:44.736 INFO - Done: [new session: Capabilities [{acceptSslCerts=true, name=Login, browserName=chrome, javascriptEnabled=true, platform=ANY}]]
12:01:44.742 INFO - Executing: [get: http://localhost:5000])
12:01:46.321 INFO - Done: [get: http://localhost:5000]
12:01:46.332 INFO - Executing: [find elements: By.cssSelector: body])
12:01:46.372 INFO - Done: [find elements: By.cssSelector: body]
12:01:46.377 INFO - Executing: [is displayed: 0 [[ChromeDriver: chrome on MAC (cdc8418c9ffc0809499d1831fbfc737d)] -> css selector: body]])
12:01:46.407 INFO - Done: [is displayed: 0 [[ChromeDriver: chrome on MAC (cdc8418c9ffc0809499d1831fbfc737d)] -> css selector: body]]
12:01:46.413 INFO - Executing: [find elements: By.cssSelector: input[type=email]])
12:01:46.437 INFO - Done: [find elements: By.cssSelector: input[type=email]]
12:01:46.440 INFO - Executing: [is displayed: 1 [[ChromeDriver: chrome on MAC (cdc8418c9ffc0809499d1831fbfc737d)] -> css selector: input[type=email]]])
12:01:46.463 INFO - Done: [is displayed: 1 [[ChromeDriver: chrome on MAC (cdc8418c9ffc0809499d1831fbfc737d)] -> css selector: input[type=email]]]
12:01:46.467 INFO - Executing: [find element: By.cssSelector: input[type=email]])
12:01:46.493 INFO - Done: [find element: By.cssSelector: input[type=email]]
12:01:46.497 INFO - Executing: [send keys: 1 [[ChromeDriver: chrome on MAC (cdc8418c9ffc0809499d1831fbfc737d)] -> css selector: input[type=email]], [r, o, t, i, m, i, @, g, m, a, i, l, ., c, o, m]])
12:01:46.684 INFO - Done: [send keys: 1 [[ChromeDriver: chrome on MAC (cdc8418c9ffc0809499d1831fbfc737d)] -> css selector: input[type=email]], [r, o, t, i, m, i, @, g, m, a, i, l, ., c, o, m]]
12:01:46.692 INFO - Executing: [find element: By.cssSelector: input[type=password]])
12:01:46.718 INFO - Done: [find element: By.cssSelector: input[type=password]]
12:01:46.724 INFO - Executing: [send keys: 2 [[ChromeDriver: chrome on MAC (cdc8418c9ffc0809499d1831fbfc737d)] -> css selector: input[type=password]], [r, o, t, i, m, i]])
12:01:46.824 INFO - Done: [send keys: 2 [[ChromeDriver: chrome on MAC (cdc8418c9ffc0809499d1831fbfc737d)] -> css selector: input[type=password]], [r, o, t, i, m, i]]
12:01:46.830 INFO - Executing: [find element: By.cssSelector: .btn])
12:01:46.858 INFO - Done: [find element: By.cssSelector: .btn]
12:01:46.863 INFO - Executing: [click: 3 [[ChromeDriver: chrome on MAC (cdc8418c9ffc0809499d1831fbfc737d)] -> css selector: .btn]])
12:01:46.947 INFO - Done: [click: 3 [[ChromeDriver: chrome on MAC (cdc8418c9ffc0809499d1831fbfc737d)] -> css selector: .btn]]
12:01:47.957 INFO - Executing: [get current url])
12:01:47.963 INFO - Done: [get current url]
12:01:47.967 INFO - Executing: [delete session: f2cfde0b-156e-4cce-a995-0dd78f1ff684])
12:01:48.041 INFO - Done: [delete session: f2cfde0b-156e-4cce-a995-0dd78f1ff684]
12:01:48.048 INFO - Executing: [new session: Capabilities [{acceptSslCerts=true, name=Login, browserName=chrome, javascriptEnabled=true, platform=ANY}]])
12:01:48.048 INFO - Creating a new session for Capabilities [{acceptSslCerts=true, name=Login, browserName=chrome, javascriptEnabled=true, platform=ANY}]
Starting ChromeDriver 2.28.455517 (2c6d2707d8ea850c862f04ac066724273981e88f) on port 36237
Only local connections are allowed.
12:01:48.804 INFO - Done: [new session: Capabilities [{acceptSslCerts=true, name=Login, browserName=chrome, javascriptEnabled=true, platform=ANY}]]
12:01:48.810 INFO - Executing: [get: http://localhost:5000])
12:01:50.344 INFO - Done: [get: http://localhost:5000]
12:01:50.351 INFO - Executing: [find elements: By.cssSelector: input[type=email]])
12:01:50.388 INFO - Done: [find elements: By.cssSelector: input[type=email]]
12:01:50.395 INFO - Executing: [is displayed: 0 [[ChromeDriver: chrome on MAC (d36f12f9e3249a6589efe57c138c2f62)] -> css selector: input[type=email]]])
12:01:50.429 INFO - Done: [is displayed: 0 [[ChromeDriver: chrome on MAC (d36f12f9e3249a6589efe57c138c2f62)] -> css selector: input[type=email]]]
12:01:50.435 INFO - Executing: [find element: By.cssSelector: input[type=email]])
12:01:50.466 INFO - Done: [find element: By.cssSelector: input[type=email]]
12:01:50.471 INFO - Executing: [send keys: 0 [[ChromeDriver: chrome on MAC (d36f12f9e3249a6589efe57c138c2f62)] -> css selector: input[type=email]], [r, o, t, i, m, i, @, g, m, a, i, l, ., c, o, m]])
12:01:50.657 INFO - Done: [send keys: 0 [[ChromeDriver: chrome on MAC (d36f12f9e3249a6589efe57c138c2f62)] -> css selector: input[type=email]], [r, o, t, i, m, i, @, g, m, a, i, l, ., c, o, m]]
12:01:50.663 INFO - Executing: [find element: By.cssSelector: input[type=password]])
12:01:50.696 INFO - Done: [find element: By.cssSelector: input[type=password]]
12:01:50.700 INFO - Executing: [send keys: 1 [[ChromeDriver: chrome on MAC (d36f12f9e3249a6589efe57c138c2f62)] -> css selector: input[type=password]], [r, o, t, i, m, i, 1, 2, 3]])
12:01:50.831 INFO - Done: [send keys: 1 [[ChromeDriver: chrome on MAC (d36f12f9e3249a6589efe57c138c2f62)] -> css selector: input[type=password]], [r, o, t, i, m, i, 1, 2, 3]]
12:01:50.837 INFO - Executing: [find element: By.cssSelector: .btn])
12:01:50.866 INFO - Done: [find element: By.cssSelector: .btn]
12:01:50.870 INFO - Executing: [click: 2 [[ChromeDriver: chrome on MAC (d36f12f9e3249a6589efe57c138c2f62)] -> css selector: .btn]])
12:01:50.967 INFO - Done: [click: 2 [[ChromeDriver: chrome on MAC (d36f12f9e3249a6589efe57c138c2f62)] -> css selector: .btn]]
12:01:51.974 INFO - Executing: [get current url])
12:01:51.980 INFO - Done: [get current url]
12:01:51.985 INFO - Executing: [find element: By.cssSelector: .manage])
12:01:52.011 INFO - Done: [find element: By.cssSelector: .manage]
12:01:52.014 INFO - Executing: [get text: 3 [[ChromeDriver: chrome on MAC (d36f12f9e3249a6589efe57c138c2f62)] -> css selector: .manage]])
12:01:52.035 INFO - Done: [get text: 3 [[ChromeDriver: chrome on MAC (d36f12f9e3249a6589efe57c138c2f62)] -> css selector: .manage]]
12:01:52.038 INFO - Executing: [find element: By.cssSelector: .logout])
12:01:52.057 INFO - Done: [find element: By.cssSelector: .logout]
12:01:52.059 INFO - Executing: [get text: 4 [[ChromeDriver: chrome on MAC (d36f12f9e3249a6589efe57c138c2f62)] -> css selector: .logout]])
12:01:52.079 INFO - Done: [get text: 4 [[ChromeDriver: chrome on MAC (d36f12f9e3249a6589efe57c138c2f62)] -> css selector: .logout]]
12:01:52.083 INFO - Executing: [find element: By.cssSelector: .search])
12:01:52.102 INFO - Done: [find element: By.cssSelector: .search]
12:01:52.105 INFO - Executing: [get text: 5 [[ChromeDriver: chrome on MAC (d36f12f9e3249a6589efe57c138c2f62)] -> css selector: .search]])
12:01:52.126 INFO - Done: [get text: 5 [[ChromeDriver: chrome on MAC (d36f12f9e3249a6589efe57c138c2f62)] -> css selector: .search]]
12:01:52.129 INFO - Executing: [delete session: 5bd08740-728c-4cac-84cd-f1685ad20cbc])
12:01:52.201 INFO - Done: [delete session: 5bd08740-728c-4cac-84cd-f1685ad20cbc]
12:01:52.206 INFO - Executing: [new session: Capabilities [{acceptSslCerts=true, name=Login, browserName=chrome, javascriptEnabled=true, platform=ANY}]])
12:01:52.207 INFO - Creating a new session for Capabilities [{acceptSslCerts=true, name=Login, browserName=chrome, javascriptEnabled=true, platform=ANY}]
Starting ChromeDriver 2.28.455517 (2c6d2707d8ea850c862f04ac066724273981e88f) on port 47293
Only local connections are allowed.
12:01:52.915 INFO - Done: [new session: Capabilities [{acceptSslCerts=true, name=Login, browserName=chrome, javascriptEnabled=true, platform=ANY}]]
12:01:52.920 INFO - Executing: [get: http://localhost:5000])
12:01:54.422 INFO - Done: [get: http://localhost:5000]
12:01:54.430 INFO - Executing: [find elements: By.cssSelector: input[type=email]])
12:01:54.471 INFO - Done: [find elements: By.cssSelector: input[type=email]]
12:01:54.481 INFO - Executing: [is displayed: 0 [[ChromeDriver: chrome on MAC (2529627d9a38feb9934e1096e428f498)] -> css selector: input[type=email]]])
12:01:54.519 INFO - Done: [is displayed: 0 [[ChromeDriver: chrome on MAC (2529627d9a38feb9934e1096e428f498)] -> css selector: input[type=email]]]
12:01:54.522 INFO - Executing: [find element: By.cssSelector: input[type=email]])
12:01:54.543 INFO - Done: [find element: By.cssSelector: input[type=email]]
12:01:54.546 INFO - Executing: [send keys: 0 [[ChromeDriver: chrome on MAC (2529627d9a38feb9934e1096e428f498)] -> css selector: input[type=email]], [j, a, n, e, ., a, n, d, r, e, w, s, @, g, m, a, i, l, ., c, o, m]])
12:01:54.775 INFO - Done: [send keys: 0 [[ChromeDriver: chrome on MAC (2529627d9a38feb9934e1096e428f498)] -> css selector: input[type=email]], [j, a, n, e, ., a, n, d, r, e, w, s, @, g, m, a, i, l, ., c, o, m]]
12:01:54.780 INFO - Executing: [find element: By.cssSelector: input[type=password]])
12:01:54.804 INFO - Done: [find element: By.cssSelector: input[type=password]]
12:01:54.811 INFO - Executing: [send keys: 1 [[ChromeDriver: chrome on MAC (2529627d9a38feb9934e1096e428f498)] -> css selector: input[type=password]], [j, a, n, e, 1, 2, 3]])
12:01:54.904 INFO - Done: [send keys: 1 [[ChromeDriver: chrome on MAC (2529627d9a38feb9934e1096e428f498)] -> css selector: input[type=password]], [j, a, n, e, 1, 2, 3]]
12:01:54.911 INFO - Executing: [find element: By.cssSelector: .btn])
12:01:54.938 INFO - Done: [find element: By.cssSelector: .btn]
12:01:54.944 INFO - Executing: [click: 2 [[ChromeDriver: chrome on MAC (2529627d9a38feb9934e1096e428f498)] -> css selector: .btn]])
12:01:55.039 INFO - Done: [click: 2 [[ChromeDriver: chrome on MAC (2529627d9a38feb9934e1096e428f498)] -> css selector: .btn]]
12:01:56.045 INFO - Executing: [get current url])
12:01:56.052 INFO - Done: [get current url]
12:01:56.056 INFO - Executing: [find elements: By.cssSelector: .manage])
12:01:56.073 INFO - Done: [find elements: By.cssSelector: .manage]
12:01:56.077 INFO - Executing: [delete session: 1f4dda3e-a0bb-4e67-8bf9-2f55cf84aade])
12:01:56.149 INFO - Done: [delete session: 1f4dda3e-a0bb-4e67-8bf9-2f55cf84aade]
